<?xml version="1.0" encoding="UTF-8"?>
<!-- Generated by org.testng.reporters.JUnitXMLReporter -->
<testsuite ignored="2" hostname="DESKTOP-P887B2O" failures="0" tests="1" name="Test Google" time="6.469" errors="0" timestamp="2022-07-03T16:03:09 IST">
  <testcase classname="com.real.example.extent.TestRunner" name="Google" time="4.831"/>
  <testcase classname="com.real.example.extent.TestRunner" name="FaceBook" time="0.0">
    <ignored/>
  </testcase> <!-- FaceBook -->
  <testcase classname="com.real.example.extent.TestRunner" name="loginOrangeHRM" time="0.0">
    <ignored/>
  </testcase> <!-- loginOrangeHRM -->
</testsuite> <!-- Test Google -->
