<?xml version="1.0" encoding="UTF-8"?>
<!-- Generated by org.testng.reporters.JUnitXMLReporter -->
<testsuite ignored="2" hostname="DESKTOP-P887B2O" failures="1" tests="1" name="Test FaceBook" time="6.505" errors="0" timestamp="2022-07-03T16:03:16 IST">
  <testcase classname="com.real.example.extent.TestRunner" name="FaceBook" time="4.958">
    <failure type="java.lang.AssertionError" message="The following asserts failed:
	Url is mismatched expected [https://www.facebook.com/] but found [https://www.facebook.com/login/?privacy_mutation_token=eyJ0eXBlIjowLCJjcmVhdGlvbl90aW1lIjoxNjU2ODQ0MzkxLCJjYWxsc2l0ZV9pZCI6MzgxMjI5MDc5NTc1OTQ2fQ%3D%3D]">
      <![CDATA[java.lang.AssertionError: The following asserts failed:
Url is mismatched expected [https://www.facebook.com/] but found [https://www.facebook.com/login/?privacy_mutation_token=eyJ0eXBlIjowLCJjcmVhdGlvbl90aW1lIjoxNjU2ODQ0MzkxLCJjYWxsc2l0ZV9pZCI6MzgxMjI5MDc5NTc1OTQ2fQ%3D%3D]
at com.real.example.extent.TestRunner.FaceBook(TestRunner.java:72)
at java.base/java.util.ArrayList.forEach(ArrayList.java:1511)
... Removed 29 stack frames]]>
    </failure>
  </testcase> <!-- FaceBook -->
  <testcase classname="com.real.example.extent.TestRunner" name="Google" time="0.0">
    <ignored/>
  </testcase> <!-- Google -->
  <testcase classname="com.real.example.extent.TestRunner" name="loginOrangeHRM" time="0.0">
    <ignored/>
  </testcase> <!-- loginOrangeHRM -->
</testsuite> <!-- Test FaceBook -->
