<?xml version="1.0" encoding="UTF-8"?>
<!-- Generated by org.testng.reporters.JUnitXMLReporter -->
<testsuite ignored="0" hostname="DESKTOP-P887B2O" failures="0" tests="5" name="Default test" time="0.68" errors="0" timestamp="2022-07-02T19:46:50 IST">
  <testcase classname="com.extent.reports.SatyaExtentReportsTest" name="Test1" time="0.015"/>
  <testcase classname="com.extent.reports.SatyaExtentReportsTest" name="Test2" time="0.002"/>
  <testcase classname="com.extent.reports.SatyaExtentReportsTest" name="Test3" time="0.011"/>
  <testcase classname="com.extent.reports.SatyaExtentReportsTest" name="Test4" time="0.001"/>
  <testcase classname="com.extent.reports.SatyaExtentReportsTest" name="Test5" time="0.001"/>
</testsuite> <!-- Default test -->
